<?xml version="1.0" encoding="UTF-8"?>
<!-- Generated by org.testng.reporters.JUnitXMLReporter -->
<testsuite ignored="0" hostname="LAPTOP-G113SE6D" failures="0" tests="8" name="Default test" time="11.42" errors="0" timestamp="2022-05-25T19:57:02 IST">
  <testcase classname="com.stackroute.TestNG.TestNG" name="launchapp" time="7.228"/>
  <testcase classname="com.stackroute.TestNG.TestNG" name="test01" time="0.028"/>
  <testcase classname="com.stackroute.TestNG.TestNG" name="test02" time="0.643"/>
  <testcase classname="com.stackroute.TestNG.TestNG" name="test03" time="0.533"/>
  <testcase classname="com.stackroute.TestNG.TestNG" name="test04" time="0.98"/>
  <testcase classname="com.stackroute.TestNG.TestNG" name="test05" time="0.639"/>
  <testcase classname="com.stackroute.TestNG.TestNG" name="test06" time="0.477"/>
  <testcase classname="com.stackroute.TestNG.TestNG" name="test07" time="0.829"/>
</testsuite> <!-- Default test -->
