<?xml version="1.0" encoding="UTF-8"?>
<testng-results ignored="0" total="5" passed="5" failed="0" skipped="0">
  <reporter-output>
  </reporter-output>
  <suite started-at="2022-05-09T16:14:05 IST" name="Default suite" finished-at="2022-05-09T16:14:11 IST" duration-ms="6642">
    <groups>
    </groups>
    <test started-at="2022-05-09T16:14:05 IST" name="Default test" finished-at="2022-05-09T16:14:11 IST" duration-ms="6642">
      <class name="com.stackroute.TestNG.TestNG">
        <test-method is-config="true" signature="setChrome()[pri:0, instance:com.stackroute.TestNG.TestNG@f5ac9e4]" started-at="2022-05-09T16:14:03 IST" name="setChrome" finished-at="2022-05-09T16:14:05 IST" duration-ms="1878" status="PASS">
          <reporter-output>
          </reporter-output>
        </test-method> <!-- setChrome -->
        <test-method signature="launchapp()[pri:0, instance:com.stackroute.TestNG.TestNG@f5ac9e4]" started-at="2022-05-09T16:14:05 IST" name="launchapp" finished-at="2022-05-09T16:14:09 IST" duration-ms="4372" status="PASS">
          <reporter-output>
          </reporter-output>
        </test-method> <!-- launchapp -->
        <test-method signature="test01()[pri:0, instance:com.stackroute.TestNG.TestNG@f5ac9e4]" started-at="2022-05-09T16:14:09 IST" name="test01" finished-at="2022-05-09T16:14:09 IST" duration-ms="18" status="PASS">
          <reporter-output>
          </reporter-output>
        </test-method> <!-- test01 -->
        <test-method signature="test02()[pri:0, instance:com.stackroute.TestNG.TestNG@f5ac9e4]" started-at="2022-05-09T16:14:09 IST" name="test02" finished-at="2022-05-09T16:14:10 IST" duration-ms="714" status="PASS">
          <reporter-output>
          </reporter-output>
        </test-method> <!-- test02 -->
        <test-method signature="test03()[pri:0, instance:com.stackroute.TestNG.TestNG@f5ac9e4]" started-at="2022-05-09T16:14:10 IST" name="test03" finished-at="2022-05-09T16:14:10 IST" duration-ms="488" status="PASS">
          <reporter-output>
          </reporter-output>
        </test-method> <!-- test03 -->
        <test-method signature="test04()[pri:0, instance:com.stackroute.TestNG.TestNG@f5ac9e4]" started-at="2022-05-09T16:14:10 IST" name="test04" finished-at="2022-05-09T16:14:11 IST" duration-ms="1014" status="PASS">
          <reporter-output>
          </reporter-output>
        </test-method> <!-- test04 -->
        <test-method is-config="true" signature="closeChrome()[pri:0, instance:com.stackroute.TestNG.TestNG@f5ac9e4]" started-at="2022-05-09T16:14:11 IST" name="closeChrome" finished-at="2022-05-09T16:14:12 IST" duration-ms="132" status="PASS">
          <reporter-output>
          </reporter-output>
        </test-method> <!-- closeChrome -->
      </class> <!-- com.stackroute.TestNG.TestNG -->
    </test> <!-- Default test -->
  </suite> <!-- Default suite -->
</testng-results>
