<?xml version="1.0" encoding="UTF-8"?>
<!-- Generated by org.testng.reporters.JUnitXMLReporter -->
<testsuite ignored="0" hostname="LAPTOP-G113SE6D" failures="0" tests="5" name="Default test" time="6.642" errors="0" timestamp="2022-05-09T16:14:11 IST">
  <testcase classname="com.stackroute.TestNG.TestNG" name="launchapp" time="4.372"/>
  <testcase classname="com.stackroute.TestNG.TestNG" name="test01" time="0.018"/>
  <testcase classname="com.stackroute.TestNG.TestNG" name="test02" time="0.714"/>
  <testcase classname="com.stackroute.TestNG.TestNG" name="test03" time="0.488"/>
  <testcase classname="com.stackroute.TestNG.TestNG" name="test04" time="1.014"/>
</testsuite> <!-- Default test -->
