<?xml version="1.0" encoding="UTF-8"?>
<testng-results ignored="0" total="8" passed="8" failed="0" skipped="0">
  <reporter-output>
  </reporter-output>
  <suite started-at="2022-05-25T19:56:51 IST" name="Default suite" finished-at="2022-05-25T19:57:02 IST" duration-ms="11420">
    <groups>
    </groups>
    <test started-at="2022-05-25T19:56:51 IST" name="Default test" finished-at="2022-05-25T19:57:02 IST" duration-ms="11420">
      <class name="com.stackroute.TestNG.TestNG">
        <test-method is-config="true" signature="setChrome()[pri:0, instance:com.stackroute.TestNG.TestNG@441772e]" started-at="2022-05-25T19:56:49 IST" name="setChrome" finished-at="2022-05-25T19:56:51 IST" duration-ms="1799" status="PASS">
          <reporter-output>
          </reporter-output>
        </test-method> <!-- setChrome -->
        <test-method signature="launchapp()[pri:0, instance:com.stackroute.TestNG.TestNG@441772e]" started-at="2022-05-25T19:56:51 IST" name="launchapp" finished-at="2022-05-25T19:56:58 IST" duration-ms="7228" status="PASS">
          <reporter-output>
          </reporter-output>
        </test-method> <!-- launchapp -->
        <test-method signature="test01()[pri:0, instance:com.stackroute.TestNG.TestNG@441772e]" started-at="2022-05-25T19:56:58 IST" name="test01" finished-at="2022-05-25T19:56:58 IST" duration-ms="28" status="PASS">
          <reporter-output>
          </reporter-output>
        </test-method> <!-- test01 -->
        <test-method signature="test02()[pri:0, instance:com.stackroute.TestNG.TestNG@441772e]" started-at="2022-05-25T19:56:58 IST" name="test02" finished-at="2022-05-25T19:56:59 IST" duration-ms="643" status="PASS">
          <reporter-output>
          </reporter-output>
        </test-method> <!-- test02 -->
        <test-method signature="test03()[pri:0, instance:com.stackroute.TestNG.TestNG@441772e]" started-at="2022-05-25T19:56:59 IST" name="test03" finished-at="2022-05-25T19:57:00 IST" duration-ms="533" status="PASS">
          <reporter-output>
          </reporter-output>
        </test-method> <!-- test03 -->
        <test-method signature="test04()[pri:0, instance:com.stackroute.TestNG.TestNG@441772e]" started-at="2022-05-25T19:57:00 IST" name="test04" finished-at="2022-05-25T19:57:00 IST" duration-ms="980" status="PASS">
          <reporter-output>
          </reporter-output>
        </test-method> <!-- test04 -->
        <test-method signature="test05()[pri:0, instance:com.stackroute.TestNG.TestNG@441772e]" started-at="2022-05-25T19:57:00 IST" name="test05" finished-at="2022-05-25T19:57:01 IST" duration-ms="639" status="PASS">
          <reporter-output>
          </reporter-output>
        </test-method> <!-- test05 -->
        <test-method signature="test06()[pri:0, instance:com.stackroute.TestNG.TestNG@441772e]" started-at="2022-05-25T19:57:01 IST" name="test06" finished-at="2022-05-25T19:57:02 IST" duration-ms="477" status="PASS">
          <reporter-output>
          </reporter-output>
        </test-method> <!-- test06 -->
        <test-method signature="test07()[pri:0, instance:com.stackroute.TestNG.TestNG@441772e]" started-at="2022-05-25T19:57:02 IST" name="test07" finished-at="2022-05-25T19:57:02 IST" duration-ms="829" status="PASS">
          <reporter-output>
          </reporter-output>
        </test-method> <!-- test07 -->
        <test-method is-config="true" signature="closeChrome()[pri:0, instance:com.stackroute.TestNG.TestNG@441772e]" started-at="2022-05-25T19:57:02 IST" name="closeChrome" finished-at="2022-05-25T19:57:03 IST" duration-ms="95" status="PASS">
          <reporter-output>
          </reporter-output>
        </test-method> <!-- closeChrome -->
      </class> <!-- com.stackroute.TestNG.TestNG -->
    </test> <!-- Default test -->
  </suite> <!-- Default suite -->
</testng-results>
